-------------------------------------------------------------------------------
Test set: edu.umd.ncsg.SiloMatsimTest
-------------------------------------------------------------------------------
Tests run: 3, Failures: 0, Errors: 1, Skipped: 2, Time elapsed: 6.104 sec <<< FAILURE!
testMainReduced(edu.umd.ncsg.SiloMatsimTest)  Time elapsed: 5.752 sec  <<< ERROR!
java.lang.UnsatisfiedLinkError: Invalid HDF5 library, ${hdf5lib-absolute-path}
	at ncsa.hdf.hdf5lib.H5.loadH5Lib(H5.java:336)
	at ncsa.hdf.hdf5lib.H5.<clinit>(H5.java:274)
	at ncsa.hdf.hdf5lib.HDF5Constants.<clinit>(HDF5Constants.java:28)
	at omx.hdf5.OmxHdf5File.open(OmxHdf5File.java:72)
	at omx.hdf5.OmxHdf5File.openReadOnly(OmxHdf5File.java:50)
	at omx.OmxFile.openReadOnly(OmxFile.java:76)
	at edu.umd.ncsg.data.Accessibility.readSkim(Accessibility.java:68)
	at edu.umd.ncsg.data.Accessibility.<init>(Accessibility.java:53)
	at edu.umd.ncsg.SiloModelContainer.createSiloModelContainer(SiloModelContainer.java:109)
	at edu.umd.ncsg.SiloModel.runModel(SiloModel.java:147)
	at edu.umd.ncsg.SiloMatsim.run(SiloMatsim.java:58)
	at edu.umd.ncsg.SiloMatsimTest.testMainReduced(SiloMatsimTest.java:161)
	at sun.reflect.NativeMethodAccessorImpl.invoke0(Native Method)
	at sun.reflect.NativeMethodAccessorImpl.invoke(NativeMethodAccessorImpl.java:62)
	at sun.reflect.DelegatingMethodAccessorImpl.invoke(DelegatingMethodAccessorImpl.java:43)
	at java.lang.reflect.Method.invoke(Method.java:497)
	at org.junit.runners.model.FrameworkMethod$1.runReflectiveCall(FrameworkMethod.java:50)
	at org.junit.internal.runners.model.ReflectiveCallable.run(ReflectiveCallable.java:12)
	at org.junit.runners.model.FrameworkMethod.invokeExplosively(FrameworkMethod.java:47)
	at org.junit.internal.runners.statements.InvokeMethod.evaluate(InvokeMethod.java:17)
	at org.junit.rules.TestWatchman$1.evaluate(TestWatchman.java:53)
	at org.junit.runners.ParentRunner.runLeaf(ParentRunner.java:325)
	at org.junit.runners.BlockJUnit4ClassRunner.runChild(BlockJUnit4ClassRunner.java:78)
	at org.junit.runners.BlockJUnit4ClassRunner.runChild(BlockJUnit4ClassRunner.java:57)
	at org.junit.runners.ParentRunner$3.run(ParentRunner.java:290)
	at org.junit.runners.ParentRunner$1.schedule(ParentRunner.java:71)
	at org.junit.runners.ParentRunner.runChildren(ParentRunner.java:288)
	at org.junit.runners.ParentRunner.access$000(ParentRunner.java:58)
	at org.junit.runners.ParentRunner$2.evaluate(ParentRunner.java:268)
	at org.junit.runners.ParentRunner.run(ParentRunner.java:363)
	at org.apache.maven.surefire.junit4.JUnit4TestSet.execute(JUnit4TestSet.java:53)
	at org.apache.maven.surefire.junit4.JUnit4Provider.executeTestSet(JUnit4Provider.java:119)
	at org.apache.maven.surefire.junit4.JUnit4Provider.invoke(JUnit4Provider.java:101)
	at sun.reflect.NativeMethodAccessorImpl.invoke0(Native Method)
	at sun.reflect.NativeMethodAccessorImpl.invoke(NativeMethodAccessorImpl.java:62)
	at sun.reflect.DelegatingMethodAccessorImpl.invoke(DelegatingMethodAccessorImpl.java:43)
	at java.lang.reflect.Method.invoke(Method.java:497)
	at org.apache.maven.surefire.booter.ProviderFactory$ClassLoaderProxy.invoke(ProviderFactory.java:103)
	at com.sun.proxy.$Proxy0.invoke(Unknown Source)
	at org.apache.maven.surefire.booter.SurefireStarter.invokeProvider(SurefireStarter.java:150)
	at org.apache.maven.surefire.booter.SurefireStarter.runSuitesInProcess(SurefireStarter.java:74)
	at org.apache.maven.surefire.booter.ForkedBooter.main(ForkedBooter.java:69)

