<?xml version="1.0" encoding="UTF-8" ?>
<testsuite tests="3" failures="0" name="edu.umd.ncsg.SiloMatsimTest" time="6.103" errors="1" skipped="2">
  <properties>
[...]
</properties>
  <testcase classname="edu.umd.ncsg.SiloMatsimTest" name="testMainAnnapolis" time="0">
    <skipped/>
  </testcase>
  <testcase classname="edu.umd.ncsg.SiloMatsimTest" name="testMainAnnapolisReducedNetwork" time="0.004">
    <skipped/>
  </testcase>
  <testcase classname="edu.umd.ncsg.SiloMatsimTest" name="testMainReduced" time="5.752">
    <error message="Invalid HDF5 library, ${hdf5lib-absolute-path}" type="java.lang.UnsatisfiedLinkError">java.lang.UnsatisfiedLinkError: Invalid HDF5 library, ${hdf5lib-absolute-path}
	at ncsa.hdf.hdf5lib.H5.loadH5Lib(H5.java:336)
	at ncsa.hdf.hdf5lib.H5.&lt;clinit&gt;(H5.java:274)
	at ncsa.hdf.hdf5lib.HDF5Constants.&lt;clinit&gt;(HDF5Constants.java:28)
	at omx.hdf5.OmxHdf5File.open(OmxHdf5File.java:72)
	at omx.hdf5.OmxHdf5File.openReadOnly(OmxHdf5File.java:50)
	at omx.OmxFile.openReadOnly(OmxFile.java:76)
	at edu.umd.ncsg.data.Accessibility.readSkim(Accessibility.java:68)
	at edu.umd.ncsg.data.Accessibility.&lt;init&gt;(Accessibility.java:53)
	at edu.umd.ncsg.SiloModelContainer.createSiloModelContainer(SiloModelContainer.java:109)
	at edu.umd.ncsg.SiloModel.runModel(SiloModel.java:147)
	at edu.umd.ncsg.SiloMatsim.run(SiloMatsim.java:58)
	at edu.umd.ncsg.SiloMatsimTest.testMainReduced(SiloMatsimTest.java:161)
	at sun.reflect.NativeMethodAccessorImpl.invoke0(Native Method)
	at sun.reflect.NativeMethodAccessorImpl.invoke(NativeMethodAccessorImpl.java:62)
	at sun.reflect.DelegatingMethodAccessorImpl.invoke(DelegatingMethodAccessorImpl.java:43)
	at java.lang.reflect.Method.invoke(Method.java:497)
	at org.junit.runners.model.FrameworkMethod$1.runReflectiveCall(FrameworkMethod.java:50)
	at org.junit.internal.runners.model.ReflectiveCallable.run(ReflectiveCallable.java:12)
	at org.junit.runners.model.FrameworkMethod.invokeExplosively(FrameworkMethod.java:47)
	at org.junit.internal.runners.statements.InvokeMethod.evaluate(InvokeMethod.java:17)
	at org.junit.rules.TestWatchman$1.evaluate(TestWatchman.java:53)
	at org.junit.runners.ParentRunner.runLeaf(ParentRunner.java:325)
	at org.junit.runners.BlockJUnit4ClassRunner.runChild(BlockJUnit4ClassRunner.java:78)
	at org.junit.runners.BlockJUnit4ClassRunner.runChild(BlockJUnit4ClassRunner.java:57)
	at org.junit.runners.ParentRunner$3.run(ParentRunner.java:290)
	at org.junit.runners.ParentRunner$1.schedule(ParentRunner.java:71)
	at org.junit.runners.ParentRunner.runChildren(ParentRunner.java:288)
	at org.junit.runners.ParentRunner.access$000(ParentRunner.java:58)
	at org.junit.runners.ParentRunner$2.evaluate(ParentRunner.java:268)
	at org.junit.runners.ParentRunner.run(ParentRunner.java:363)
	at org.apache.maven.surefire.junit4.JUnit4TestSet.execute(JUnit4TestSet.java:53)
	at org.apache.maven.surefire.junit4.JUnit4Provider.executeTestSet(JUnit4Provider.java:119)
	at org.apache.maven.surefire.junit4.JUnit4Provider.invoke(JUnit4Provider.java:101)
	at sun.reflect.NativeMethodAccessorImpl.invoke0(Native Method)
	at sun.reflect.NativeMethodAccessorImpl.invoke(NativeMethodAccessorImpl.java:62)
	at sun.reflect.DelegatingMethodAccessorImpl.invoke(DelegatingMethodAccessorImpl.java:43)
	at java.lang.reflect.Method.invoke(Method.java:497)
	at org.apache.maven.surefire.booter.ProviderFactory$ClassLoaderProxy.invoke(ProviderFactory.java:103)
	at com.sun.proxy.$Proxy0.invoke(Unknown Source)
	at org.apache.maven.surefire.booter.SurefireStarter.invokeProvider(SurefireStarter.java:150)
	at org.apache.maven.surefire.booter.SurefireStarter.runSuitesInProcess(SurefireStarter.java:74)
	at org.apache.maven.surefire.booter.ForkedBooter.main(ForkedBooter.java:69)
</error>
    <system-out>2016-08-10 13:13:52,558  INFO SiloMstmTest:29 cleaning up ...
2016-08-10 13:13:52,576  INFO Config:131 context=[file:/Users/rm/git/projects/silo/silo/]
2016-08-10 13:13:52,650  INFO MatsimXmlParser:155 starting to parse xml from url file:/Users/rm/git/projects/silo/silo/./test/scenarios/annapolis_reduced/matsim/config.xml ...
2016-08-10 13:13:52,763  INFO ConfigReader:102 using config_v2-reader
2016-08-10 13:13:52,764  INFO MatsimXmlParser:306 Using local DTD from classpath:dtd/config_v2.dtd
2016-08-10 13:13:52,773  INFO GlobalConfigGroup:71 setting number of threads to: 1
2016-08-10 13:13:52,775  INFO Config:131 context=[file:/Users/rm/git/projects/silo/silo/]
2016-08-10 13:13:53,116  INFO SiloMatsim:52 Starting SILO program for MATSim
2016-08-10 13:13:53,117  INFO SiloMatsim:53 Scenario: test_reduced_matsim, Simulation start year: 2000
2016-08-10 13:13:53,123  INFO SiloModel:139 Start SILO Model
2016-08-10 13:13:53,138  INFO HouseholdDataManager:85 Reading household micro data from ascii file
2016-08-10 13:13:53,141  INFO HouseholdDataManager:124 Finished reading 100 households.
2016-08-10 13:13:53,141  INFO HouseholdDataManager:164 Reading person micro data from ascii file
2016-08-10 13:13:53,152  INFO HouseholdDataManager:213 Finished reading 247 persons.
2016-08-10 13:13:53,153  INFO RealEstateDataManager:73 Reading dwelling micro data from ascii file
2016-08-10 13:13:53,156  INFO RealEstateDataManager:119 Finished reading 100 dwellings.
2016-08-10 13:13:53,157  INFO JobDataManager:74 Reading job micro data from ascii file
2016-08-10 13:13:53,160  INFO JobDataManager:110 Finished reading 144 jobs.
2016-08-10 13:13:53,164  INFO JobDataManager:168   Interpolating employment forecast for all years from 2000 to 2040
2016-08-10 13:13:53,681  INFO JobDataManager:247   Identifying vacant jobs
2016-08-10 13:13:53,683  INFO RealEstateDataManager:188 Reading land use data
2016-08-10 13:13:53,724  INFO RealEstateDataManager:134   Identifying vacant dwellings
2016-08-10 13:13:53,725  INFO SiloModelContainer:103 Creating UEC Models
2016-08-10 13:13:53,900  INFO UtilityExpressionCalculator:600 
----------------------------------- Variable Table --------------------------------------------

                                                           value    orig    dest    name  chg by
Index   Name                         Type                  index   index   index   index     alt

    0   @personType                  Object                    0      -1      -1      -1       F
    1   @personType                  Object                    1      -1      -1      -1       F
    2   @personType                  Object                    2      -1      -1      -1       F
    3   @personType                  Object                    3      -1      -1      -1       F
    4   @personType                  Object                    4      -1      -1      -1       F
    5   @personType                  Object                    5      -1      -1      -1       F
    6   @personType                  Object                    6      -1      -1      -1       F
    7   @personType                  Object                    7      -1      -1      -1       F
    8   @personType                  Object                    8      -1      -1      -1       F
    9   @personType                  Object                    9      -1      -1      -1       F
   10   @personType                  Object                   10      -1      -1      -1       F
   11   @personType                  Object                   11      -1      -1      -1       F
   12   @personType                  Object                   12      -1      -1      -1       F
   13   @personType                  Object                   13      -1      -1      -1       F
   14   @personType                  Object                   14      -1      -1      -1       F
   15   @personType                  Object                   15      -1      -1      -1       F
   16   @personType                  Object                   16      -1      -1      -1       F
   17   @personType                  Object                   17      -1      -1      -1       F
   18   @personType                  Object                   18      -1      -1      -1       F
   19   @personType                  Object                   19      -1      -1      -1       F
   20   @personType                  Object                   20      -1      -1      -1       F
   21   @personType                  Object                   21      -1      -1      -1       F
   22   @personType                  Object                   22      -1      -1      -1       F
   23   @personType                  Object                   23      -1      -1      -1       F
   24   @personType                  Object                   24      -1      -1      -1       F
   25   @personType                  Object                   25      -1      -1      -1       F
   26   @personType                  Object                   26      -1      -1      -1       F
   27   @personType                  Object                   27      -1      -1      -1       F
   28   @personType                  Object                   28      -1      -1      -1       F
   29   @personType                  Object                   29      -1      -1      -1       F
   30   @personType                  Object                   30      -1      -1      -1       F
   31   @personType                  Object                   31      -1      -1      -1       F
   32   @personType                  Object                   32      -1      -1      -1       F
   33   @personType                  Object                   33      -1      -1      -1       F
   34   @personType                  Object                   34      -1      -1      -1       F
   35   @personType                  Object                   35      -1      -1      -1       F
   36   @personType                  Object                   36      -1      -1      -1       F
   37   @personType                  Object                   37      -1      -1      -1       F
   38   @personType                  Object                   38      -1      -1      -1       F
   39   @personType                  Object                   39      -1      -1      -1       F
   40   @personType                  Object                   40      -1      -1      -1       F
   41   @personType                  Object                   41      -1      -1      -1       F
   42   @personType                  Object                   42      -1      -1      -1       F
   43   @personType                  Object                   43      -1      -1      -1       F

2016-08-10 13:13:55,118  INFO UtilityExpressionCalculator:600 
----------------------------------- Variable Table --------------------------------------------

                                                           value    orig    dest    name  chg by
Index   Name                         Type                  index   index   index   index     alt

    0   @personType                  Object                    0      -1      -1      -1       F
    1   @personType                  Object                    1      -1      -1      -1       F
    2   @personType                  Object                    2      -1      -1      -1       F
    3   @personType                  Object                    3      -1      -1      -1       F
    4   @personType                  Object                    4      -1      -1      -1       F
    5   @personType                  Object                    5      -1      -1      -1       F
    6   @personType                  Object                    6      -1      -1      -1       F
    7   @personType                  Object                    7      -1      -1      -1       F
    8   @personType                  Object                    8      -1      -1      -1       F
    9   @personType                  Object                    9      -1      -1      -1       F
   10   @personType                  Object                   10      -1      -1      -1       F
   11   @personType                  Object                   11      -1      -1      -1       F
   12   @personType                  Object                   12      -1      -1      -1       F
   13   @personType                  Object                   13      -1      -1      -1       F
   14   @personType                  Object                   14      -1      -1      -1       F
   15   @personType                  Object                   15      -1      -1      -1       F
   16   @personType                  Object                   16      -1      -1      -1       F
   17   @personType                  Object                   17      -1      -1      -1       F
   18   @personType                  Object                   18      -1      -1      -1       F
   19   @personType                  Object                   19      -1      -1      -1       F
   20   @personType                  Object                   20      -1      -1      -1       F
   21   @personType                  Object                   21      -1      -1      -1       F

2016-08-10 13:13:55,928  INFO UtilityExpressionCalculator:600 
----------------------------------- Variable Table --------------------------------------------

                                                           value    orig    dest    name  chg by
Index   Name                         Type                  index   index   index   index     alt

    0   @personType                  Object                    0      -1      -1      -1       F
    1   @personType                  Object                    1      -1      -1      -1       F
    2   @personType                  Object                    2      -1      -1      -1       F
    3   @personType                  Object                    3      -1      -1      -1       F
    4   @personType                  Object                    4      -1      -1      -1       F
    5   @personType                  Object                    5      -1      -1      -1       F
    6   @personType                  Object                    6      -1      -1      -1       F
    7   @personType                  Object                    7      -1      -1      -1       F
    8   @personType                  Object                    8      -1      -1      -1       F
    9   @personType                  Object                    9      -1      -1      -1       F
   10   @personType                  Object                   10      -1      -1      -1       F
   11   @personType                  Object                   11      -1      -1      -1       F
   12   @personType                  Object                   12      -1      -1      -1       F
   13   @personType                  Object                   13      -1      -1      -1       F
   14   @personType                  Object                   14      -1      -1      -1       F
   15   @personType                  Object                   15      -1      -1      -1       F
   16   @personType                  Object                   16      -1      -1      -1       F
   17   @personType                  Object                   17      -1      -1      -1       F
   18   @personType                  Object                   18      -1      -1      -1       F
   19   @personType                  Object                   19      -1      -1      -1       F
   20   @personType                  Object                   20      -1      -1      -1       F
   21   @personType                  Object                   21      -1      -1      -1       F
   22   @personType                  Object                   22      -1      -1      -1       F
   23   @personType                  Object                   23      -1      -1      -1       F
   24   @personType                  Object                   24      -1      -1      -1       F
   25   @personType                  Object                   25      -1      -1      -1       F
   26   @personType                  Object                   26      -1      -1      -1       F
   27   @personType                  Object                   27      -1      -1      -1       F
   28   @personType                  Object                   28      -1      -1      -1       F
   29   @personType                  Object                   29      -1      -1      -1       F
   30   @personType                  Object                   30      -1      -1      -1       F
   31   @personType                  Object                   31      -1      -1      -1       F
   32   @personType                  Object                   32      -1      -1      -1       F
   33   @personType                  Object                   33      -1      -1      -1       F
   34   @personType                  Object                   34      -1      -1      -1       F
   35   @personType                  Object                   35      -1      -1      -1       F
   36   @personType                  Object                   36      -1      -1      -1       F
   37   @personType                  Object                   37      -1      -1      -1       F
   38   @personType                  Object                   38      -1      -1      -1       F
   39   @personType                  Object                   39      -1      -1      -1       F
   40   @personType                  Object                   40      -1      -1      -1       F
   41   @personType                  Object                   41      -1      -1      -1       F
   42   @personType                  Object                   42      -1      -1      -1       F
   43   @personType                  Object                   43      -1      -1      -1       F

2016-08-10 13:13:56,738  INFO UtilityExpressionCalculator:600 
----------------------------------- Variable Table --------------------------------------------

                                                           value    orig    dest    name  chg by
Index   Name                         Type                  index   index   index   index     alt

    0   @personType                  Object                    0      -1      -1      -1       F
    1   @personType                  Object                    1      -1      -1      -1       F
    2   @personType                  Object                    2      -1      -1      -1       F
    3   @personType                  Object                    3      -1      -1      -1       F
    4   @personType                  Object                    4      -1      -1      -1       F
    5   @personType                  Object                    5      -1      -1      -1       F
    6   @personType                  Object                    6      -1      -1      -1       F
    7   @personType                  Object                    7      -1      -1      -1       F
    8   @personType                  Object                    8      -1      -1      -1       F
    9   @personType                  Object                    9      -1      -1      -1       F
   10   @personType                  Object                   10      -1      -1      -1       F
   11   @personType                  Object                   11      -1      -1      -1       F
   12   @personType                  Object                   12      -1      -1      -1       F
   13   @personType                  Object                   13      -1      -1      -1       F
   14   @personType                  Object                   14      -1      -1      -1       F
   15   @personType                  Object                   15      -1      -1      -1       F
   16   @personType                  Object                   16      -1      -1      -1       F
   17   @personType                  Object                   17      -1      -1      -1       F
   18   @personType                  Object                   18      -1      -1      -1       F
   19   @personType                  Object                   19      -1      -1      -1       F
   20   @personType                  Object                   20      -1      -1      -1       F
   21   @personType                  Object                   21      -1      -1      -1       F
   22   @personType                  Object                   22      -1      -1      -1       F
   23   @personType                  Object                   23      -1      -1      -1       F
   24   @personType                  Object                   24      -1      -1      -1       F
   25   @personType                  Object                   25      -1      -1      -1       F
   26   @personType                  Object                   26      -1      -1      -1       F
   27   @personType                  Object                   27      -1      -1      -1       F
   28   @personType                  Object                   28      -1      -1      -1       F
   29   @personType                  Object                   29      -1      -1      -1       F
   30   @personType                  Object                   30      -1      -1      -1       F
   31   @personType                  Object                   31      -1      -1      -1       F
   32   @personType                  Object                   32      -1      -1      -1       F
   33   @personType                  Object                   33      -1      -1      -1       F
   34   @personType                  Object                   34      -1      -1      -1       F
   35   @personType                  Object                   35      -1      -1      -1       F
   36   @personType                  Object                   36      -1      -1      -1       F
   37   @personType                  Object                   37      -1      -1      -1       F
   38   @personType                  Object                   38      -1      -1      -1       F
   39   @personType                  Object                   39      -1      -1      -1       F
   40   @personType                  Object                   40      -1      -1      -1       F
   41   @personType                  Object                   41      -1      -1      -1       F
   42   @personType                  Object                   42      -1      -1      -1       F
   43   @personType                  Object                   43      -1      -1      -1       F

2016-08-10 13:13:57,532  INFO UtilityExpressionCalculator:600 
----------------------------------- Variable Table --------------------------------------------

                                                           value    orig    dest    name  chg by
Index   Name                         Type                  index   index   index   index     alt

    0   @personType                  Object                    0      -1      -1      -1       F
    1   @personType                  Object                    1      -1      -1      -1       F
    2   @personType                  Object                    2      -1      -1      -1       F
    3   @personType                  Object                    3      -1      -1      -1       F
    4   @personType                  Object                    4      -1      -1      -1       F
    5   @personType                  Object                    5      -1      -1      -1       F
    6   @personType                  Object                    6      -1      -1      -1       F
    7   @personType                  Object                    7      -1      -1      -1       F
    8   @personType                  Object                    8      -1      -1      -1       F
    9   @personType                  Object                    9      -1      -1      -1       F
   10   @personType                  Object                   10      -1      -1      -1       F
   11   @personType                  Object                   11      -1      -1      -1       F
   12   @personType                  Object                   12      -1      -1      -1       F
   13   @personType                  Object                   13      -1      -1      -1       F
   14   @personType                  Object                   14      -1      -1      -1       F
   15   @personType                  Object                   15      -1      -1      -1       F
   16   @personType                  Object                   16      -1      -1      -1       F
   17   @personType                  Object                   17      -1      -1      -1       F
   18   @personType                  Object                   18      -1      -1      -1       F
   19   @personType                  Object                   19      -1      -1      -1       F
   20   @personType                  Object                   20      -1      -1      -1       F
   21   @personType                  Object                   21      -1      -1      -1       F
   22   @personType                  Object                   22      -1      -1      -1       F
   23   @personType                  Object                   23      -1      -1      -1       F
   24   @personType                  Object                   24      -1      -1      -1       F
   25   @personType                  Object                   25      -1      -1      -1       F
   26   @personType                  Object                   26      -1      -1      -1       F
   27   @personType                  Object                   27      -1      -1      -1       F
   28   @personType                  Object                   28      -1      -1      -1       F
   29   @personType                  Object                   29      -1      -1      -1       F
   30   @personType                  Object                   30      -1      -1      -1       F
   31   @personType                  Object                   31      -1      -1      -1       F
   32   @personType                  Object                   32      -1      -1      -1       F
   33   @personType                  Object                   33      -1      -1      -1       F
   34   @personType                  Object                   34      -1      -1      -1       F
   35   @personType                  Object                   35      -1      -1      -1       F
   36   @personType                  Object                   36      -1      -1      -1       F
   37   @personType                  Object                   37      -1      -1      -1       F
   38   @personType                  Object                   38      -1      -1      -1       F
   39   @personType                  Object                   39      -1      -1      -1       F
   40   @personType                  Object                   40      -1      -1      -1       F
   41   @personType                  Object                   41      -1      -1      -1       F
   42   @personType                  Object                   42      -1      -1      -1       F
   43   @personType                  Object                   43      -1      -1      -1       F

2016-08-10 13:13:58,280  INFO Accessibility:63 Reading skims for 2000
2016-08-10 13:13:58,304  INFO SiloMatsim:70 Runtime: 0 hours and 0 minutes.
</system-out>
    <system-err>2016-08-10 13:13:52,883 ERROR SiloUtil:109 Creating Directory: ./test/scenarios/annapolis_reduced/scenOutput/test_reduced_matsim
2016-08-10 13:13:53,503 ERROR SiloUtil:109 Creating Directory: ./test/scenarios/annapolis_reduced/scenOutput/test_reduced_matsim/employmentForecast/
Warning:  Property storage name for 5 is empty - setting to Root Entry
Warning:  Property storage name for 5 is empty - setting to Root Entry
Warning:  Property storage name for 5 is empty - setting to Root Entry
Warning:  Property storage name for 5 is empty - setting to Root Entry
Warning:  Property storage name for 5 is empty - setting to Root Entry
</system-err>
  </testcase>
</testsuite>